[2015.09.12 22:38:28] (Coverage): Error during class instrumentation: com.esotericsoftware.kryonet.FrameworkMessage$RegisterTCPFieldAccess
java.lang.ArrayIndexOutOfBoundsException: 5
	at org.jetbrains.org.objectweb.asm.ClassReader.readFrameType(ClassReader.java:2129)
	at org.jetbrains.org.objectweb.asm.ClassReader.readFrame(ClassReader.java:2095)
	at org.jetbrains.org.objectweb.asm.ClassReader.readCode(ClassReader.java:1309)
	at org.jetbrains.org.objectweb.asm.ClassReader.readMethod(ClassReader.java:1017)
	at org.jetbrains.org.objectweb.asm.ClassReader.accept(ClassReader.java:693)
	at org.jetbrains.org.objectweb.asm.ClassReader.accept(ClassReader.java:506)
	at com.intellij.rt.coverage.instrumentation.Instrumentator.instrument(Instrumentator.java:193)
	at com.intellij.rt.coverage.instrumentation.Instrumentator.access$000(Instrumentator.java:41)
	at com.intellij.rt.coverage.instrumentation.Instrumentator$1.transform(Instrumentator.java:150)
	at sun.instrument.TransformerManager.transform(TransformerManager.java:188)
	at sun.instrument.InstrumentationImpl.transform(InstrumentationImpl.java:424)
	at java.lang.ClassLoader.defineClass1(Native Method)
	at java.lang.ClassLoader.defineClass(ClassLoader.java:800)
	at java.lang.ClassLoader.defineClass(ClassLoader.java:643)
	at sun.reflect.NativeMethodAccessorImpl.invoke0(Native Method)
	at sun.reflect.NativeMethodAccessorImpl.invoke(NativeMethodAccessorImpl.java:57)
	at sun.reflect.DelegatingMethodAccessorImpl.invoke(DelegatingMethodAccessorImpl.java:43)
	at java.lang.reflect.Method.invoke(Method.java:606)
	at com.esotericsoftware.reflectasm.AccessClassLoader.defineClass(AccessClassLoader.java:42)
	at com.esotericsoftware.reflectasm.FieldAccess.get(FieldAccess.java:130)
	at com.esotericsoftware.kryo.serializers.FieldSerializer.rebuildCachedFields(FieldSerializer.java:104)
	at com.esotericsoftware.kryo.serializers.FieldSerializer.<init>(FieldSerializer.java:50)
	at sun.reflect.NativeConstructorAccessorImpl.newInstance0(Native Method)
	at sun.reflect.NativeConstructorAccessorImpl.newInstance(NativeConstructorAccessorImpl.java:57)
	at sun.reflect.DelegatingConstructorAccessorImpl.newInstance(DelegatingConstructorAccessorImpl.java:45)
	at java.lang.reflect.Constructor.newInstance(Constructor.java:526)
	at com.esotericsoftware.kryo.Kryo.newSerializer(Kryo.java:324)
	at com.esotericsoftware.kryo.Kryo.newDefaultSerializer(Kryo.java:316)
	at com.esotericsoftware.kryo.Kryo.getDefaultSerializer(Kryo.java:309)
	at com.esotericsoftware.kryo.Kryo.register(Kryo.java:353)
	at com.esotericsoftware.kryonet.KryoSerialization.<init>(KryoSerialization.java:33)
	at com.esotericsoftware.kryonet.KryoSerialization.<init>(KryoSerialization.java:25)
	at com.esotericsoftware.kryonet.Server.<init>(Server.java:91)
	at com.esotericsoftware.kryonet.Server.<init>(Server.java:73)
	at cs425.mp1.network.ServerControl.<init>(ServerControl.java:25)
	at cs425.mp1.network.Node.<init>(Node.java:54)
	at cs425.mp1.network.Control.ConstructNodes(Control.java:27)
	at cs425.mp1.main.UX.main(UX.java:19)
	at sun.reflect.NativeMethodAccessorImpl.invoke0(Native Method)
	at sun.reflect.NativeMethodAccessorImpl.invoke(NativeMethodAccessorImpl.java:57)
	at sun.reflect.DelegatingMethodAccessorImpl.invoke(DelegatingMethodAccessorImpl.java:43)
	at java.lang.reflect.Method.invoke(Method.java:606)
	at com.intellij.rt.execution.application.AppMain.main(AppMain.java:140)
[2015.09.12 22:38:28] (Coverage): Error during class instrumentation: com.esotericsoftware.kryonet.FrameworkMessage$RegisterUDPFieldAccess
java.lang.ArrayIndexOutOfBoundsException: 5
	at org.jetbrains.org.objectweb.asm.ClassReader.readFrameType(ClassReader.java:2129)
	at org.jetbrains.org.objectweb.asm.ClassReader.readFrame(ClassReader.java:2095)
	at org.jetbrains.org.objectweb.asm.ClassReader.readCode(ClassReader.java:1309)
	at org.jetbrains.org.objectweb.asm.ClassReader.readMethod(ClassReader.java:1017)
	at org.jetbrains.org.objectweb.asm.ClassReader.accept(ClassReader.java:693)
	at org.jetbrains.org.objectweb.asm.ClassReader.accept(ClassReader.java:506)
	at com.intellij.rt.coverage.instrumentation.Instrumentator.instrument(Instrumentator.java:193)
	at com.intellij.rt.coverage.instrumentation.Instrumentator.access$000(Instrumentator.java:41)
	at com.intellij.rt.coverage.instrumentation.Instrumentator$1.transform(Instrumentator.java:150)
	at sun.instrument.TransformerManager.transform(TransformerManager.java:188)
	at sun.instrument.InstrumentationImpl.transform(InstrumentationImpl.java:424)
	at java.lang.ClassLoader.defineClass1(Native Method)
	at java.lang.ClassLoader.defineClass(ClassLoader.java:800)
	at java.lang.ClassLoader.defineClass(ClassLoader.java:643)
	at sun.reflect.NativeMethodAccessorImpl.invoke0(Native Method)
	at sun.reflect.NativeMethodAccessorImpl.invoke(NativeMethodAccessorImpl.java:57)
	at sun.reflect.DelegatingMethodAccessorImpl.invoke(DelegatingMethodAccessorImpl.java:43)
	at java.lang.reflect.Method.invoke(Method.java:606)
	at com.esotericsoftware.reflectasm.AccessClassLoader.defineClass(AccessClassLoader.java:42)
	at com.esotericsoftware.reflectasm.FieldAccess.get(FieldAccess.java:130)
	at com.esotericsoftware.kryo.serializers.FieldSerializer.rebuildCachedFields(FieldSerializer.java:104)
	at com.esotericsoftware.kryo.serializers.FieldSerializer.<init>(FieldSerializer.java:50)
	at sun.reflect.NativeConstructorAccessorImpl.newInstance0(Native Method)
	at sun.reflect.NativeConstructorAccessorImpl.newInstance(NativeConstructorAccessorImpl.java:57)
	at sun.reflect.DelegatingConstructorAccessorImpl.newInstance(DelegatingConstructorAccessorImpl.java:45)
	at java.lang.reflect.Constructor.newInstance(Constructor.java:526)
	at com.esotericsoftware.kryo.Kryo.newSerializer(Kryo.java:324)
	at com.esotericsoftware.kryo.Kryo.newDefaultSerializer(Kryo.java:316)
	at com.esotericsoftware.kryo.Kryo.getDefaultSerializer(Kryo.java:309)
	at com.esotericsoftware.kryo.Kryo.register(Kryo.java:353)
	at com.esotericsoftware.kryonet.KryoSerialization.<init>(KryoSerialization.java:34)
	at com.esotericsoftware.kryonet.KryoSerialization.<init>(KryoSerialization.java:25)
	at com.esotericsoftware.kryonet.Server.<init>(Server.java:91)
	at com.esotericsoftware.kryonet.Server.<init>(Server.java:73)
	at cs425.mp1.network.ServerControl.<init>(ServerControl.java:25)
	at cs425.mp1.network.Node.<init>(Node.java:54)
	at cs425.mp1.network.Control.ConstructNodes(Control.java:27)
	at cs425.mp1.main.UX.main(UX.java:19)
	at sun.reflect.NativeMethodAccessorImpl.invoke0(Native Method)
	at sun.reflect.NativeMethodAccessorImpl.invoke(NativeMethodAccessorImpl.java:57)
	at sun.reflect.DelegatingMethodAccessorImpl.invoke(DelegatingMethodAccessorImpl.java:43)
	at java.lang.reflect.Method.invoke(Method.java:606)
	at com.intellij.rt.execution.application.AppMain.main(AppMain.java:140)
[2015.09.12 22:38:28] (Coverage): Error during class instrumentation: com.esotericsoftware.kryonet.FrameworkMessage$PingFieldAccess
java.lang.ArrayIndexOutOfBoundsException: 3
	at org.jetbrains.org.objectweb.asm.ClassReader.readFrameType(ClassReader.java:2129)
	at org.jetbrains.org.objectweb.asm.ClassReader.readFrame(ClassReader.java:2088)
	at org.jetbrains.org.objectweb.asm.ClassReader.readCode(ClassReader.java:1309)
	at org.jetbrains.org.objectweb.asm.ClassReader.readMethod(ClassReader.java:1017)
	at org.jetbrains.org.objectweb.asm.ClassReader.accept(ClassReader.java:693)
	at org.jetbrains.org.objectweb.asm.ClassReader.accept(ClassReader.java:506)
	at com.intellij.rt.coverage.instrumentation.Instrumentator.instrument(Instrumentator.java:193)
	at com.intellij.rt.coverage.instrumentation.Instrumentator.access$000(Instrumentator.java:41)
	at com.intellij.rt.coverage.instrumentation.Instrumentator$1.transform(Instrumentator.java:150)
	at sun.instrument.TransformerManager.transform(TransformerManager.java:188)
	at sun.instrument.InstrumentationImpl.transform(InstrumentationImpl.java:424)
	at java.lang.ClassLoader.defineClass1(Native Method)
	at java.lang.ClassLoader.defineClass(ClassLoader.java:800)
	at java.lang.ClassLoader.defineClass(ClassLoader.java:643)
	at sun.reflect.NativeMethodAccessorImpl.invoke0(Native Method)
	at sun.reflect.NativeMethodAccessorImpl.invoke(NativeMethodAccessorImpl.java:57)
	at sun.reflect.DelegatingMethodAccessorImpl.invoke(DelegatingMethodAccessorImpl.java:43)
	at java.lang.reflect.Method.invoke(Method.java:606)
	at com.esotericsoftware.reflectasm.AccessClassLoader.defineClass(AccessClassLoader.java:42)
	at com.esotericsoftware.reflectasm.FieldAccess.get(FieldAccess.java:130)
	at com.esotericsoftware.kryo.serializers.FieldSerializer.rebuildCachedFields(FieldSerializer.java:104)
	at com.esotericsoftware.kryo.serializers.FieldSerializer.<init>(FieldSerializer.java:50)
	at sun.reflect.NativeConstructorAccessorImpl.newInstance0(Native Method)
	at sun.reflect.NativeConstructorAccessorImpl.newInstance(NativeConstructorAccessorImpl.java:57)
	at sun.reflect.DelegatingConstructorAccessorImpl.newInstance(DelegatingConstructorAccessorImpl.java:45)
	at java.lang.reflect.Constructor.newInstance(Constructor.java:526)
	at com.esotericsoftware.kryo.Kryo.newSerializer(Kryo.java:324)
	at com.esotericsoftware.kryo.Kryo.newDefaultSerializer(Kryo.java:316)
	at com.esotericsoftware.kryo.Kryo.getDefaultSerializer(Kryo.java:309)
	at com.esotericsoftware.kryo.Kryo.register(Kryo.java:353)
	at com.esotericsoftware.kryonet.KryoSerialization.<init>(KryoSerialization.java:37)
	at com.esotericsoftware.kryonet.KryoSerialization.<init>(KryoSerialization.java:25)
	at com.esotericsoftware.kryonet.Server.<init>(Server.java:91)
	at com.esotericsoftware.kryonet.Server.<init>(Server.java:73)
	at cs425.mp1.network.ServerControl.<init>(ServerControl.java:25)
	at cs425.mp1.network.Node.<init>(Node.java:54)
	at cs425.mp1.network.Control.ConstructNodes(Control.java:27)
	at cs425.mp1.main.UX.main(UX.java:19)
	at sun.reflect.NativeMethodAccessorImpl.invoke0(Native Method)
	at sun.reflect.NativeMethodAccessorImpl.invoke(NativeMethodAccessorImpl.java:57)
	at sun.reflect.DelegatingMethodAccessorImpl.invoke(DelegatingMethodAccessorImpl.java:43)
	at java.lang.reflect.Method.invoke(Method.java:606)
	at com.intellij.rt.execution.application.AppMain.main(AppMain.java:140)
[2015.09.28 05:35:09] (Coverage): Error during class instrumentation: com.esotericsoftware.kryonet.FrameworkMessage$RegisterTCPFieldAccess
java.lang.ArrayIndexOutOfBoundsException: 5
	at org.jetbrains.org.objectweb.asm.ClassReader.readFrameType(ClassReader.java:2129)
	at org.jetbrains.org.objectweb.asm.ClassReader.readFrame(ClassReader.java:2095)
	at org.jetbrains.org.objectweb.asm.ClassReader.readCode(ClassReader.java:1309)
	at org.jetbrains.org.objectweb.asm.ClassReader.readMethod(ClassReader.java:1017)
	at org.jetbrains.org.objectweb.asm.ClassReader.accept(ClassReader.java:693)
	at org.jetbrains.org.objectweb.asm.ClassReader.accept(ClassReader.java:506)
	at com.intellij.rt.coverage.instrumentation.Instrumentator.instrument(Instrumentator.java:193)
	at com.intellij.rt.coverage.instrumentation.Instrumentator.access$000(Instrumentator.java:41)
	at com.intellij.rt.coverage.instrumentation.Instrumentator$1.transform(Instrumentator.java:150)
	at sun.instrument.TransformerManager.transform(TransformerManager.java:188)
	at sun.instrument.InstrumentationImpl.transform(InstrumentationImpl.java:424)
	at java.lang.ClassLoader.defineClass1(Native Method)
	at java.lang.ClassLoader.defineClass(ClassLoader.java:800)
	at java.lang.ClassLoader.defineClass(ClassLoader.java:643)
	at sun.reflect.NativeMethodAccessorImpl.invoke0(Native Method)
	at sun.reflect.NativeMethodAccessorImpl.invoke(NativeMethodAccessorImpl.java:57)
	at sun.reflect.DelegatingMethodAccessorImpl.invoke(DelegatingMethodAccessorImpl.java:43)
	at java.lang.reflect.Method.invoke(Method.java:606)
	at com.esotericsoftware.reflectasm.AccessClassLoader.defineClass(AccessClassLoader.java:42)
	at com.esotericsoftware.reflectasm.FieldAccess.get(FieldAccess.java:130)
	at com.esotericsoftware.kryo.serializers.FieldSerializer.rebuildCachedFields(FieldSerializer.java:104)
	at com.esotericsoftware.kryo.serializers.FieldSerializer.<init>(FieldSerializer.java:50)
	at sun.reflect.NativeConstructorAccessorImpl.newInstance0(Native Method)
	at sun.reflect.NativeConstructorAccessorImpl.newInstance(NativeConstructorAccessorImpl.java:57)
	at sun.reflect.DelegatingConstructorAccessorImpl.newInstance(DelegatingConstructorAccessorImpl.java:45)
	at java.lang.reflect.Constructor.newInstance(Constructor.java:526)
	at com.esotericsoftware.kryo.Kryo.newSerializer(Kryo.java:324)
	at com.esotericsoftware.kryo.Kryo.newDefaultSerializer(Kryo.java:316)
	at com.esotericsoftware.kryo.Kryo.getDefaultSerializer(Kryo.java:309)
	at com.esotericsoftware.kryo.Kryo.register(Kryo.java:353)
	at com.esotericsoftware.kryonet.KryoSerialization.<init>(KryoSerialization.java:33)
	at com.esotericsoftware.kryonet.KryoSerialization.<init>(KryoSerialization.java:25)
	at com.esotericsoftware.kryonet.Server.<init>(Server.java:91)
	at cs425.mp1.network.ServerControl.<init>(ServerControl.java:26)
	at cs425.mp1.network.Node.<init>(Node.java:54)
	at cs425.mp1.network.Control.ConstructNodes(Control.java:34)
	at cs425.mp1.main.UX.main(UX.java:21)
	at sun.reflect.NativeMethodAccessorImpl.invoke0(Native Method)
	at sun.reflect.NativeMethodAccessorImpl.invoke(NativeMethodAccessorImpl.java:57)
	at sun.reflect.DelegatingMethodAccessorImpl.invoke(DelegatingMethodAccessorImpl.java:43)
	at java.lang.reflect.Method.invoke(Method.java:606)
	at com.intellij.rt.execution.application.AppMain.main(AppMain.java:140)
[2015.09.28 05:35:09] (Coverage): Error during class instrumentation: com.esotericsoftware.kryonet.FrameworkMessage$RegisterUDPFieldAccess
java.lang.ArrayIndexOutOfBoundsException: 5
	at org.jetbrains.org.objectweb.asm.ClassReader.readFrameType(ClassReader.java:2129)
	at org.jetbrains.org.objectweb.asm.ClassReader.readFrame(ClassReader.java:2095)
	at org.jetbrains.org.objectweb.asm.ClassReader.readCode(ClassReader.java:1309)
	at org.jetbrains.org.objectweb.asm.ClassReader.readMethod(ClassReader.java:1017)
	at org.jetbrains.org.objectweb.asm.ClassReader.accept(ClassReader.java:693)
	at org.jetbrains.org.objectweb.asm.ClassReader.accept(ClassReader.java:506)
	at com.intellij.rt.coverage.instrumentation.Instrumentator.instrument(Instrumentator.java:193)
	at com.intellij.rt.coverage.instrumentation.Instrumentator.access$000(Instrumentator.java:41)
	at com.intellij.rt.coverage.instrumentation.Instrumentator$1.transform(Instrumentator.java:150)
	at sun.instrument.TransformerManager.transform(TransformerManager.java:188)
	at sun.instrument.InstrumentationImpl.transform(InstrumentationImpl.java:424)
	at java.lang.ClassLoader.defineClass1(Native Method)
	at java.lang.ClassLoader.defineClass(ClassLoader.java:800)
	at java.lang.ClassLoader.defineClass(ClassLoader.java:643)
	at sun.reflect.NativeMethodAccessorImpl.invoke0(Native Method)
	at sun.reflect.NativeMethodAccessorImpl.invoke(NativeMethodAccessorImpl.java:57)
	at sun.reflect.DelegatingMethodAccessorImpl.invoke(DelegatingMethodAccessorImpl.java:43)
	at java.lang.reflect.Method.invoke(Method.java:606)
	at com.esotericsoftware.reflectasm.AccessClassLoader.defineClass(AccessClassLoader.java:42)
	at com.esotericsoftware.reflectasm.FieldAccess.get(FieldAccess.java:130)
	at com.esotericsoftware.kryo.serializers.FieldSerializer.rebuildCachedFields(FieldSerializer.java:104)
	at com.esotericsoftware.kryo.serializers.FieldSerializer.<init>(FieldSerializer.java:50)
	at sun.reflect.NativeConstructorAccessorImpl.newInstance0(Native Method)
	at sun.reflect.NativeConstructorAccessorImpl.newInstance(NativeConstructorAccessorImpl.java:57)
	at sun.reflect.DelegatingConstructorAccessorImpl.newInstance(DelegatingConstructorAccessorImpl.java:45)
	at java.lang.reflect.Constructor.newInstance(Constructor.java:526)
	at com.esotericsoftware.kryo.Kryo.newSerializer(Kryo.java:324)
	at com.esotericsoftware.kryo.Kryo.newDefaultSerializer(Kryo.java:316)
	at com.esotericsoftware.kryo.Kryo.getDefaultSerializer(Kryo.java:309)
	at com.esotericsoftware.kryo.Kryo.register(Kryo.java:353)
	at com.esotericsoftware.kryonet.KryoSerialization.<init>(KryoSerialization.java:34)
	at com.esotericsoftware.kryonet.KryoSerialization.<init>(KryoSerialization.java:25)
	at com.esotericsoftware.kryonet.Server.<init>(Server.java:91)
	at cs425.mp1.network.ServerControl.<init>(ServerControl.java:26)
	at cs425.mp1.network.Node.<init>(Node.java:54)
	at cs425.mp1.network.Control.ConstructNodes(Control.java:34)
	at cs425.mp1.main.UX.main(UX.java:21)
	at sun.reflect.NativeMethodAccessorImpl.invoke0(Native Method)
	at sun.reflect.NativeMethodAccessorImpl.invoke(NativeMethodAccessorImpl.java:57)
	at sun.reflect.DelegatingMethodAccessorImpl.invoke(DelegatingMethodAccessorImpl.java:43)
	at java.lang.reflect.Method.invoke(Method.java:606)
	at com.intellij.rt.execution.application.AppMain.main(AppMain.java:140)
[2015.09.28 05:35:09] (Coverage): Error during class instrumentation: com.esotericsoftware.kryonet.FrameworkMessage$PingFieldAccess
java.lang.ArrayIndexOutOfBoundsException: 3
	at org.jetbrains.org.objectweb.asm.ClassReader.readFrameType(ClassReader.java:2129)
	at org.jetbrains.org.objectweb.asm.ClassReader.readFrame(ClassReader.java:2088)
	at org.jetbrains.org.objectweb.asm.ClassReader.readCode(ClassReader.java:1309)
	at org.jetbrains.org.objectweb.asm.ClassReader.readMethod(ClassReader.java:1017)
	at org.jetbrains.org.objectweb.asm.ClassReader.accept(ClassReader.java:693)
	at org.jetbrains.org.objectweb.asm.ClassReader.accept(ClassReader.java:506)
	at com.intellij.rt.coverage.instrumentation.Instrumentator.instrument(Instrumentator.java:193)
	at com.intellij.rt.coverage.instrumentation.Instrumentator.access$000(Instrumentator.java:41)
	at com.intellij.rt.coverage.instrumentation.Instrumentator$1.transform(Instrumentator.java:150)
	at sun.instrument.TransformerManager.transform(TransformerManager.java:188)
	at sun.instrument.InstrumentationImpl.transform(InstrumentationImpl.java:424)
	at java.lang.ClassLoader.defineClass1(Native Method)
	at java.lang.ClassLoader.defineClass(ClassLoader.java:800)
	at java.lang.ClassLoader.defineClass(ClassLoader.java:643)
	at sun.reflect.NativeMethodAccessorImpl.invoke0(Native Method)
	at sun.reflect.NativeMethodAccessorImpl.invoke(NativeMethodAccessorImpl.java:57)
	at sun.reflect.DelegatingMethodAccessorImpl.invoke(DelegatingMethodAccessorImpl.java:43)
	at java.lang.reflect.Method.invoke(Method.java:606)
	at com.esotericsoftware.reflectasm.AccessClassLoader.defineClass(AccessClassLoader.java:42)
	at com.esotericsoftware.reflectasm.FieldAccess.get(FieldAccess.java:130)
	at com.esotericsoftware.kryo.serializers.FieldSerializer.rebuildCachedFields(FieldSerializer.java:104)
	at com.esotericsoftware.kryo.serializers.FieldSerializer.<init>(FieldSerializer.java:50)
	at sun.reflect.NativeConstructorAccessorImpl.newInstance0(Native Method)
	at sun.reflect.NativeConstructorAccessorImpl.newInstance(NativeConstructorAccessorImpl.java:57)
	at sun.reflect.DelegatingConstructorAccessorImpl.newInstance(DelegatingConstructorAccessorImpl.java:45)
	at java.lang.reflect.Constructor.newInstance(Constructor.java:526)
	at com.esotericsoftware.kryo.Kryo.newSerializer(Kryo.java:324)
	at com.esotericsoftware.kryo.Kryo.newDefaultSerializer(Kryo.java:316)
	at com.esotericsoftware.kryo.Kryo.getDefaultSerializer(Kryo.java:309)
	at com.esotericsoftware.kryo.Kryo.register(Kryo.java:353)
	at com.esotericsoftware.kryonet.KryoSerialization.<init>(KryoSerialization.java:37)
	at com.esotericsoftware.kryonet.KryoSerialization.<init>(KryoSerialization.java:25)
	at com.esotericsoftware.kryonet.Server.<init>(Server.java:91)
	at cs425.mp1.network.ServerControl.<init>(ServerControl.java:26)
	at cs425.mp1.network.Node.<init>(Node.java:54)
	at cs425.mp1.network.Control.ConstructNodes(Control.java:34)
	at cs425.mp1.main.UX.main(UX.java:21)
	at sun.reflect.NativeMethodAccessorImpl.invoke0(Native Method)
	at sun.reflect.NativeMethodAccessorImpl.invoke(NativeMethodAccessorImpl.java:57)
	at sun.reflect.DelegatingMethodAccessorImpl.invoke(DelegatingMethodAccessorImpl.java:43)
	at java.lang.reflect.Method.invoke(Method.java:606)
	at com.intellij.rt.execution.application.AppMain.main(AppMain.java:140)
